0 info it worked if it ends with ok
1 verbose cli [ 'node', '/usr/local/bin/npm', 'install', 'slick-carousel' ]
2 info using npm@2.11.3
3 info using node@v0.12.7
4 verbose install initial load of /Applications/XAMPP/xamppfiles/htdocs/FES/package.json
5 verbose readDependencies loading dependencies from /Applications/XAMPP/xamppfiles/htdocs/FES/package.json
6 silly cache add args [ 'slick-carousel', null ]
7 verbose cache add spec slick-carousel
8 silly cache add parsed spec { raw: 'slick-carousel',
8 silly cache add   scope: null,
8 silly cache add   name: 'slick-carousel',
8 silly cache add   rawSpec: '',
8 silly cache add   spec: '*',
8 silly cache add   type: 'range' }
9 silly addNamed slick-carousel@*
10 verbose addNamed "*" is a valid semver range for slick-carousel
11 silly addNameRange { name: 'slick-carousel', range: '*', hasData: false }
12 silly mapToRegistry name slick-carousel
13 silly mapToRegistry using default registry
14 silly mapToRegistry registry https://registry.npmjs.org/
15 silly mapToRegistry uri https://registry.npmjs.org/slick-carousel
16 verbose addNameRange registry:https://registry.npmjs.org/slick-carousel not in flight; fetching
17 verbose request uri https://registry.npmjs.org/slick-carousel
18 verbose request no auth needed
19 info attempt registry request try #1 at 12:24:59 PM
20 verbose request id 2796e56be0a2b8e0
21 http request GET https://registry.npmjs.org/slick-carousel
22 http 200 https://registry.npmjs.org/slick-carousel
23 silly get cb [ 200,
23 silly get   { server: 'CouchDB/1.5.0 (Erlang OTP/R16B03)',
23 silly get     etag: '"ABV18V1ARR16INQDAWDTLPLLU"',
23 silly get     'content-type': 'application/json',
23 silly get     'cache-control': 'max-age=60',
23 silly get     'content-length': '27310',
23 silly get     'accept-ranges': 'bytes',
23 silly get     date: 'Thu, 22 Oct 2015 23:25:00 GMT',
23 silly get     via: '1.1 varnish',
23 silly get     age: '0',
23 silly get     connection: 'keep-alive',
23 silly get     'x-served-by': 'cache-akl6420-AKL',
23 silly get     'x-cache': 'MISS',
23 silly get     'x-cache-hits': '0',
23 silly get     'x-timer': 'S1445556299.984962,VS0,VE202',
23 silly get     vary: 'Accept' } ]
24 verbose get saving slick-carousel to /Users/danielcairns/.npm/registry.npmjs.org/slick-carousel/.cache.json
25 silly addNameRange number 2 { name: 'slick-carousel', range: '*', hasData: true }
26 silly addNameRange versions [ 'slick-carousel',
26 silly addNameRange   [ '1.2.9',
26 silly addNameRange     '1.2.10',
26 silly addNameRange     '1.3.7',
26 silly addNameRange     '1.3.9',
26 silly addNameRange     '1.3.11',
26 silly addNameRange     '1.3.12',
26 silly addNameRange     '1.3.13',
26 silly addNameRange     '1.3.14',
26 silly addNameRange     '1.3.15',
26 silly addNameRange     '1.4.0',
26 silly addNameRange     '1.4.1',
26 silly addNameRange     '1.5.0',
26 silly addNameRange     '1.5.1',
26 silly addNameRange     '1.5.2',
26 silly addNameRange     '1.5.4',
26 silly addNameRange     '1.5.5',
26 silly addNameRange     '1.5.6',
26 silly addNameRange     '1.5.7',
26 silly addNameRange     '1.5.8' ] ]
27 silly addNamed slick-carousel@1.5.8
28 verbose addNamed "1.5.8" is a plain semver version for slick-carousel
29 silly mapToRegistry name slick-carousel
30 silly mapToRegistry using default registry
31 silly mapToRegistry registry https://registry.npmjs.org/
32 silly mapToRegistry uri https://registry.npmjs.org/slick-carousel
33 verbose addRemoteTarball https://registry.npmjs.org/slick-carousel/-/slick-carousel-1.5.8.tgz not in flight; adding
34 verbose addRemoteTarball [ 'https://registry.npmjs.org/slick-carousel/-/slick-carousel-1.5.8.tgz',
34 verbose addRemoteTarball   '1ce5228f57499181eb7af433607a0681b142af8a' ]
35 info retry fetch attempt 1 at 12:25:00 PM
36 info attempt registry request try #1 at 12:25:00 PM
37 http fetch GET https://registry.npmjs.org/slick-carousel/-/slick-carousel-1.5.8.tgz
38 http fetch 200 https://registry.npmjs.org/slick-carousel/-/slick-carousel-1.5.8.tgz
39 silly fetchAndShaCheck shasum 1ce5228f57499181eb7af433607a0681b142af8a
40 verbose addTmpTarball /var/folders/4j/8cs78l7916gd1zrftr2qnjl80000gn/T/npm-23909-36455176/registry.npmjs.org/slick-carousel/-/slick-carousel-1.5.8.tgz not in flight; adding
41 verbose addTmpTarball already have metadata; skipping unpack for slick-carousel@1.5.8
42 silly cache afterAdd slick-carousel@1.5.8
43 verbose afterAdd /Users/danielcairns/.npm/slick-carousel/1.5.8/package/package.json not in flight; writing
44 verbose afterAdd /Users/danielcairns/.npm/slick-carousel/1.5.8/package/package.json written
45 silly install resolved [ { name: 'slick-carousel',
45 silly install resolved     version: '1.5.8',
45 silly install resolved     description: 'the last carousel you\'ll ever need',
45 silly install resolved     main: 'slick/slick.js',
45 silly install resolved     repository:
45 silly install resolved      { type: 'git',
45 silly install resolved        url: 'git+https://github.com/kenwheeler/slick.git' },
45 silly install resolved     keywords: [ 'carousel', 'slick', 'responsive' ],
45 silly install resolved     author: { name: 'Ken Wheeler' },
45 silly install resolved     license: 'MIT',
45 silly install resolved     bugs: { url: 'https://github.com/kenwheeler/slick/issues' },
45 silly install resolved     gitHead: '66a9ee8f01a0d8e56f959b17ce70ed1a27ebfdee',
45 silly install resolved     homepage: 'https://github.com/kenwheeler/slick#readme',
45 silly install resolved     _id: 'slick-carousel@1.5.8',
45 silly install resolved     scripts: {},
45 silly install resolved     _shasum: '1ce5228f57499181eb7af433607a0681b142af8a',
45 silly install resolved     _from: 'slick-carousel@*',
45 silly install resolved     _npmVersion: '2.8.4',
45 silly install resolved     _nodeVersion: '0.12.2',
45 silly install resolved     _npmUser: { name: 'thekenwheeler', email: 'ken@outlook.com' },
45 silly install resolved     dist:
45 silly install resolved      { shasum: '1ce5228f57499181eb7af433607a0681b142af8a',
45 silly install resolved        tarball: 'http://registry.npmjs.org/slick-carousel/-/slick-carousel-1.5.8.tgz' },
45 silly install resolved     maintainers: [ [Object] ],
45 silly install resolved     directories: {},
45 silly install resolved     _resolved: 'https://registry.npmjs.org/slick-carousel/-/slick-carousel-1.5.8.tgz' } ]
46 info install slick-carousel@1.5.8 into /Applications/XAMPP/xamppfiles/htdocs/FES
47 info installOne slick-carousel@1.5.8
48 verbose installOne of slick-carousel to /Applications/XAMPP/xamppfiles/htdocs/FES not in flight; installing
49 warn locking Error: EACCES, open '/Users/danielcairns/.npm/_locks/slick-carousel-5e3c966fa8d18abd.lock'
49 warn locking     at Error (native)
49 warn locking  /Users/danielcairns/.npm/_locks/slick-carousel-5e3c966fa8d18abd.lock failed { [Error: EACCES, open '/Users/danielcairns/.npm/_locks/slick-carousel-5e3c966fa8d18abd.lock']
49 warn locking   errno: -13,
49 warn locking   code: 'EACCES',
49 warn locking   path: '/Users/danielcairns/.npm/_locks/slick-carousel-5e3c966fa8d18abd.lock' }
50 verbose stack Error: Attempt to unlock /Applications/XAMPP/xamppfiles/htdocs/FES/node_modules/slick-carousel, which hasn't been locked
50 verbose stack     at unlock (/usr/local/lib/node_modules/npm/lib/utils/locker.js:66:11)
50 verbose stack     at cb (/usr/local/lib/node_modules/npm/lib/install.js:1017:5)
50 verbose stack     at /usr/local/lib/node_modules/npm/lib/install.js:1021:20
50 verbose stack     at /usr/local/lib/node_modules/npm/lib/utils/locker.js:40:9
50 verbose stack     at cb (/usr/local/lib/node_modules/npm/node_modules/lockfile/lockfile.js:149:38)
50 verbose stack     at /usr/local/lib/node_modules/npm/node_modules/lockfile/lockfile.js:177:38
50 verbose stack     at FSReqWrap.oncomplete (fs.js:95:15)
51 verbose cwd /Applications/XAMPP/xamppfiles/htdocs/FES
52 error Darwin 14.5.0
53 error argv "node" "/usr/local/bin/npm" "install" "slick-carousel"
54 error node v0.12.7
55 error npm  v2.11.3
56 error Attempt to unlock /Applications/XAMPP/xamppfiles/htdocs/FES/node_modules/slick-carousel, which hasn't been locked
57 error If you need help, you may report this error at:
57 error     <https://github.com/npm/npm/issues>
58 verbose exit [ 1, true ]
